<?xml version="1.0" encoding="UTF-8"?>
<!-- Generated by org.testng.reporters.JUnitReportReporter -->
<testsuite hostname="jamal-L" name="com.java.test.Preset" tests="3" failures="0" timestamp="24 Nov 2017 06:35:30 GMT" time="71.512" errors="0">
  <testcase name="sendPresetMsg" time="20.274" classname="com.java.test.Preset"/>
  <testcase name="cancelSendPresetMsg" time="25.514" classname="com.java.test.Preset"/>
  <testcase name="UpdateSendPresetMsg" time="25.724" classname="com.java.test.Preset"/>
</testsuite> <!-- com.java.test.Preset -->
