<?xml version="1.0" encoding="UTF-8"?>
<!-- Generated by org.testng.reporters.JUnitReportReporter -->
<testsuite hostname="rakesh-Latitude-3540" name="com.java.test.Test_Login" tests="1" failures="0" timestamp="31 Oct 2017 05:06:53 GMT" time="3.400" errors="0">
  <testcase name="Verify_Successful_Login" time="3.400" classname="com.java.test.Test_Login"/>
</testsuite> <!-- com.java.test.Test_Login -->
